<?xml version="1.0" encoding="utf-8"?><testsuites name="pytest tests"><testsuite name="pytest" errors="0" failures="0" skipped="0" tests="4" time="3.900" timestamp="2026-05-07T12:07:36.292015+00:00" hostname="agent-env-b863035e-804d-4d41-9158-321900c27687"><testcase classname="backend.tests.test_checklist.TestChecklist" name="test_template_listed_with_kind" time="2.121" /><testcase classname="backend.tests.test_checklist.TestChecklist" name="test_submission_and_stats" time="0.978" /><testcase classname="backend.tests.test_checklist.TestChecklist" name="test_stats_date_filter" time="0.139" /><testcase classname="backend.tests.test_checklist.TestChecklist" name="test_form_kind_still_works" time="0.271" /></testsuite></testsuites>