<?xml version="1.0" encoding="utf-8"?><testsuites name="pytest tests"><testsuite name="pytest" errors="0" failures="0" skipped="0" tests="10" time="3.624" timestamp="2026-05-07T13:18:04.053247+00:00" hostname="agent-env-b863035e-804d-4d41-9158-321900c27687"><testcase classname="backend.tests.test_iter7_offsite_filters.TestOffsiteFilters" name="test_baseline_no_filters" time="1.452" /><testcase classname="backend.tests.test_iter7_offsite_filters.TestOffsiteFilters" name="test_days_param_still_works" time="0.264" /><testcase classname="backend.tests.test_iter7_offsite_filters.TestOffsiteFilters" name="test_filter_by_user_id" time="0.377" /><testcase classname="backend.tests.test_iter7_offsite_filters.TestOffsiteFilters" name="test_filter_by_user_id_unknown" time="0.206" /><testcase classname="backend.tests.test_iter7_offsite_filters.TestOffsiteFilters" name="test_filter_by_depot_id" time="0.248" /><testcase classname="backend.tests.test_iter7_offsite_filters.TestOffsiteFilters" name="test_filter_by_date_range" time="0.206" /><testcase classname="backend.tests.test_iter7_offsite_filters.TestOffsiteFilters" name="test_filter_date_range_far_past_empty" time="0.120" /><testcase classname="backend.tests.test_iter7_offsite_filters.TestOffsiteFilters" name="test_filter_combined_user_and_date" time="0.138" /><testcase classname="backend.tests.test_iter7_offsite_filters.TestOffsiteFilters" name="test_filter_combined_all" time="0.262" /><testcase classname="backend.tests.test_iter7_offsite_filters.TestOffsiteFilters" name="test_staff_forbidden" time="0.121" /></testsuite></testsuites>