<?xml version="1.0" encoding="utf-8"?><testsuites name="pytest tests"><testsuite name="pytest" errors="0" failures="0" skipped="0" tests="13" time="3.792" timestamp="2026-05-07T12:59:21.743041+00:00" hostname="agent-env-b863035e-804d-4d41-9158-321900c27687"><testcase classname="backend.tests.test_iter5_offsite_perdepot_digest.TestOffSiteClockIns" name="test_admin_can_list" time="0.639" /><testcase classname="backend.tests.test_iter5_offsite_perdepot_digest.TestOffSiteClockIns" name="test_staff_forbidden" time="0.504" /><testcase classname="backend.tests.test_iter5_offsite_perdepot_digest.TestOffSiteClockIns" name="test_days_param_honored" time="0.639" /><testcase classname="backend.tests.test_iter5_offsite_perdepot_digest.TestPerDepotDigest" name="test_create_depot_and_assigned_checklist" time="0.263" /><testcase classname="backend.tests.test_iter5_offsite_perdepot_digest.TestPerDepotDigest" name="test_weekly_digest_returns_bundles" time="0.181" /><testcase classname="backend.tests.test_iter5_offsite_perdepot_digest.TestPerDepotDigest" name="test_digests_list_includes_new" time="0.139" /><testcase classname="backend.tests.test_iter5_offsite_perdepot_digest.TestPerDepotDigest" name="test_download_new_digest" time="0.138" /><testcase classname="backend.tests.test_iter5_offsite_perdepot_digest.TestPerDepotDigest" name="test_template_appears_under_assigned_depot_bundle" time="0.411" /><testcase classname="backend.tests.test_iter5_offsite_perdepot_digest.TestPerDepotDigest" name="test_zcleanup" time="0.270" /><testcase classname="backend.tests.test_iter5_offsite_perdepot_digest.TestRegression" name="test_depots_list" time="0.138" /><testcase classname="backend.tests.test_iter5_offsite_perdepot_digest.TestRegression" name="test_notifications_list" time="0.129" /><testcase classname="backend.tests.test_iter5_offsite_perdepot_digest.TestRegression" name="test_scan_alerts" time="0.125" /><testcase classname="backend.tests.test_iter5_offsite_perdepot_digest.TestRegression" name="test_clock_status" time="0.118" /></testsuite></testsuites>