<?xml version="1.0" encoding="utf-8"?><testsuites name="pytest tests"><testsuite name="pytest" errors="0" failures="0" skipped="0" tests="17" time="5.435" timestamp="2026-05-07T12:51:15.480961+00:00" hostname="agent-env-b863035e-804d-4d41-9158-321900c27687"><testcase classname="backend.tests.test_iter4_notifs_depots_digest.TestDepots" name="test_create_depot_admin" time="0.506" /><testcase classname="backend.tests.test_iter4_notifs_depots_digest.TestDepots" name="test_list_depots_any_user" time="0.502" /><testcase classname="backend.tests.test_iter4_notifs_depots_digest.TestDepots" name="test_create_depot_staff_forbidden" time="0.127" /><testcase classname="backend.tests.test_iter4_notifs_depots_digest.TestGeofence" name="test_offsite_creates_notification" time="0.669" /><testcase classname="backend.tests.test_iter4_notifs_depots_digest.TestGeofence" name="test_onsite_no_notification" time="0.650" /><testcase classname="backend.tests.test_iter4_notifs_depots_digest.TestNotifications" name="test_admin_only_sees_own" time="0.267" /><testcase classname="backend.tests.test_iter4_notifs_depots_digest.TestNotifications" name="test_unread_filter" time="0.130" /><testcase classname="backend.tests.test_iter4_notifs_depots_digest.TestNotifications" name="test_mark_read_single" time="0.364" /><testcase classname="backend.tests.test_iter4_notifs_depots_digest.TestNotifications" name="test_mark_all_read" time="0.264" /><testcase classname="backend.tests.test_iter4_notifs_depots_digest.TestScanAlerts" name="test_scan_alerts_admin_only" time="0.129" /><testcase classname="backend.tests.test_iter4_notifs_depots_digest.TestScanAlerts" name="test_scan_alerts_runs" time="0.277" /><testcase classname="backend.tests.test_iter4_notifs_depots_digest.TestChecklistAutoNotif" name="test_below_target_creates_notification" time="0.674" /><testcase classname="backend.tests.test_iter4_notifs_depots_digest.TestWeeklyDigest" name="test_send_weekly_digest_mocked" time="0.124" /><testcase classname="backend.tests.test_iter4_notifs_depots_digest.TestWeeklyDigest" name="test_list_digests" time="0.119" /><testcase classname="backend.tests.test_iter4_notifs_depots_digest.TestWeeklyDigest" name="test_list_digests_staff_forbidden" time="0.139" /><testcase classname="backend.tests.test_iter4_notifs_depots_digest.TestWeeklyDigest" name="test_download_digest_csv" time="0.142" /><testcase classname="backend.tests.test_iter4_notifs_depots_digest.TestZCleanup" name="test_delete_depot" time="0.289" /></testsuite></testsuites>