<?xml version="1.0" encoding="utf-8"?><testsuites name="pytest tests"><testsuite name="pytest" errors="0" failures="0" skipped="0" tests="16" time="25.877" timestamp="2026-05-28T12:18:15.057135+00:00" hostname="agent-env-b237bc73-4d0a-4aa5-81b7-1afc6280dd45"><testcase classname="backend.tests.test_hr_envelopes.TestUploadAndIssue" name="test_single_user_legacy_returns_single_object" time="4.765" /><testcase classname="backend.tests.test_hr_envelopes.TestUploadAndIssue" name="test_bulk_user_ids_returns_count_and_list" time="6.201" /><testcase classname="backend.tests.test_hr_envelopes.TestUploadAndIssue" name="test_bulk_user_ids_dedupes" time="2.151" /><testcase classname="backend.tests.test_hr_envelopes.TestUploadAndIssue" name="test_no_recipients_returns_400" time="0.229" /><testcase classname="backend.tests.test_hr_envelopes.TestUploadAndIssue" name="test_invalid_pdf_returns_400" time="0.321" /><testcase classname="backend.tests.test_hr_envelopes.TestUploadAndIssue" name="test_unknown_user_returns_404" time="0.326" /><testcase classname="backend.tests.test_hr_envelopes.TestSummary" name="test_summary_shape" time="0.542" /><testcase classname="backend.tests.test_hr_envelopes.TestResend" name="test_resend_pending_envelope_ok" time="1.908" /><testcase classname="backend.tests.test_hr_envelopes.TestResend" name="test_resend_unknown_id_returns_404" time="0.339" /><testcase classname="backend.tests.test_hr_envelopes.TestResend" name="test_resend_cancelled_envelope_returns_400" time="4.719" /><testcase classname="backend.tests.test_hr_envelopes.TestCancel" name="test_cancel_pending_ok" time="2.662" /><testcase classname="backend.tests.test_hr_envelopes.TestCancel" name="test_cancel_unknown_id_404" time="0.335" /><testcase classname="backend.tests.test_hr_envelopes.TestAuth" name="test_summary_requires_auth" time="0.153" /><testcase classname="backend.tests.test_hr_envelopes.TestAuth" name="test_staff_cannot_access_summary" time="0.712" /><testcase classname="backend.tests.test_hr_envelopes.TestAuth" name="test_staff_cannot_resend" time="0.210" /><testcase classname="backend.tests.test_hr_envelopes.TestAuth" name="test_staff_cannot_cancel" time="0.210" /></testsuite></testsuites>