<?xml version="1.0" encoding="utf-8"?><testsuites name="pytest tests"><testsuite name="pytest" errors="0" failures="0" skipped="0" tests="18" time="7.212" timestamp="2026-05-07T13:43:09.067844+00:00" hostname="agent-env-b863035e-804d-4d41-9158-321900c27687"><testcase classname="backend.tests.test_iter8_customers.TestCustomers" name="test_create_customer_admin" time="0.697" /><testcase classname="backend.tests.test_iter8_customers.TestCustomers" name="test_create_customer_forbidden_for_staff" time="0.500" /><testcase classname="backend.tests.test_iter8_customers.TestCustomers" name="test_list_customers_any_user" time="0.217" /><testcase classname="backend.tests.test_iter8_customers.TestCustomers" name="test_get_customer_embeds_arrays" time="0.178" /><testcase classname="backend.tests.test_iter8_customers.TestCustomers" name="test_add_contact_admin" time="0.306" /><testcase classname="backend.tests.test_iter8_customers.TestCustomers" name="test_add_contact_forbidden_for_staff" time="0.122" /><testcase classname="backend.tests.test_iter8_customers.TestCustomers" name="test_add_site_admin" time="0.137" /><testcase classname="backend.tests.test_iter8_customers.TestCustomers" name="test_add_site_forbidden_for_staff" time="0.178" /><testcase classname="backend.tests.test_iter8_customers.TestCustomerNotes" name="test_staff_can_post_note" time="0.442" /><testcase classname="backend.tests.test_iter8_customers.TestCustomerNotes" name="test_admin_pinned_note_then_sort_order" time="0.332" /><testcase classname="backend.tests.test_iter8_customers.TestCustomerNotes" name="test_staff_cannot_edit_admin_note" time="0.218" /><testcase classname="backend.tests.test_iter8_customers.TestCustomerNotes" name="test_staff_can_edit_own_note" time="0.127" /><testcase classname="backend.tests.test_iter8_customers.TestCustomerNotes" name="test_admin_can_delete_any_note" time="0.262" /><testcase classname="backend.tests.test_iter8_customers.TestShiftClockIn" name="test_create_shift_with_customer_site" time="0.146" /><testcase classname="backend.tests.test_iter8_customers.TestShiftClockIn" name="test_on_site_clock_in" time="1.272" /><testcase classname="backend.tests.test_iter8_customers.TestShiftClockIn" name="test_off_site_clock_in_creates_shift_off_site" time="1.148" /><testcase classname="backend.tests.test_iter8_customers.TestShiftClockIn" name="test_auto_resolve_shift_no_shift_id" time="0.522" /><testcase classname="backend.tests.test_iter8_customers" name="test_zz_cleanup" time="0.343" /></testsuite></testsuites>