<?xml version="1.0" encoding="utf-8"?><testsuites name="pytest tests"><testsuite name="pytest" errors="0" failures="0" skipped="0" tests="14" time="5.379" timestamp="2026-05-07T12:29:42.674879+00:00" hostname="agent-env-b863035e-804d-4d41-9158-321900c27687"><testcase classname="backend.tests.test_alerts_export.TestChecklistAlerts" name="test_admin_can_get_alerts" time="1.378" /><testcase classname="backend.tests.test_alerts_export.TestChecklistAlerts" name="test_staff_cannot_get_alerts" time="0.132" /><testcase classname="backend.tests.test_alerts_export.TestStatsExport" name="test_export_csv" time="0.125" /><testcase classname="backend.tests.test_alerts_export.TestStatsExport" name="test_export_pdf" time="0.367" /><testcase classname="backend.tests.test_alerts_export.TestStatsExport" name="test_export_invalid_format" time="0.254" /><testcase classname="backend.tests.test_alerts_export.TestStatsExport" name="test_export_404_unknown_tpl" time="0.221" /><testcase classname="backend.tests.test_alerts_export.TestStatsExport" name="test_export_with_date_filter_returns_zero_subs" time="0.115" /><testcase classname="backend.tests.test_alerts_export.TestStatsExport" name="test_export_requires_auth" time="0.136" /><testcase classname="backend.tests.test_alerts_export.TestStatsRegression" name="test_stats_endpoint_unchanged" time="0.164" /><testcase classname="backend.tests.test_alerts_export.TestStatsRegression" name="test_form_kind_create_and_submit_still_works" time="0.410" /><testcase classname="backend.tests.test_checklist.TestChecklist" name="test_template_listed_with_kind" time="0.647" /><testcase classname="backend.tests.test_checklist.TestChecklist" name="test_submission_and_stats" time="0.738" /><testcase classname="backend.tests.test_checklist.TestChecklist" name="test_stats_date_filter" time="0.134" /><testcase classname="backend.tests.test_checklist.TestChecklist" name="test_form_kind_still_works" time="0.255" /></testsuite></testsuites>