<?xml version="1.0" encoding="utf-8"?><testsuites name="pytest tests"><testsuite name="pytest" errors="0" failures="0" skipped="0" tests="10" time="15.620" timestamp="2026-05-07T11:33:39.488904+00:00" hostname="agent-env-b863035e-804d-4d41-9158-321900c27687"><testcase classname="backend.tests.test_staffhub_api.TestAuth" name="test_login_admin" time="0.562" /><testcase classname="backend.tests.test_staffhub_api.TestAuth" name="test_login_staff" time="0.397" /><testcase classname="backend.tests.test_staffhub_api.TestAuth" name="test_login_bad" time="0.329" /><testcase classname="backend.tests.test_staffhub_api.TestAuth" name="test_me" time="0.555" /><testcase classname="backend.tests.test_staffhub_api.TestAuth" name="test_me_no_token" time="0.204" /><testcase classname="backend.tests.test_staffhub_api.TestClock" name="test_clock_flow" time="1.756" /><testcase classname="backend.tests.test_staffhub_api.TestHolidays" name="test_balance_and_request_decision" time="1.012" /><testcase classname="backend.tests.test_staffhub_api.TestShifts" name="test_shift_and_swap" time="0.783" /><testcase classname="backend.tests.test_staffhub_api.TestDrive" name="test_folder_and_file" time="0.503" /><testcase classname="backend.tests.test_staffhub_api.TestForms" name="test_template_submission_summary" time="9.266" /></testsuite></testsuites>